<?xml version="1.0" encoding="UTF-8"?>
<!-- Generated by org.testng.reporters.JUnitReportReporter -->
<testsuite hostname="SumedhKrishna" failures="0" tests="8" name="testRunner.TestRunner" time="7.005" errors="0" timestamp="2024-03-05T11:01:46 EST" skipped="0">
  <testcase classname="testRunner.TestRunner" name="runScenario" time="0.241"/>
  <testcase classname="testRunner.TestRunner" name="runScenario" time="0.273"/>
  <testcase classname="testRunner.TestRunner" name="runScenario" time="0.835"/>
  <testcase classname="testRunner.TestRunner" name="runScenario" time="0.473"/>
  <testcase classname="testRunner.TestRunner" name="runScenario" time="0.285"/>
  <testcase classname="testRunner.TestRunner" name="runScenario" time="0.650"/>
  <testcase classname="testRunner.TestRunner" name="runScenario" time="3.903"/>
  <testcase classname="testRunner.TestRunner" name="runScenario" time="0.345"/>
</testsuite> <!-- testRunner.TestRunner -->
